c:\users\lijao\source\repos\game_c\game_c\x64\debug\vc142.pdb
c:\users\lijao\source\repos\game_c\game_c\x64\debug\.netframework,version=v4.7.2.assemblyattributes.obj
c:\users\lijao\source\repos\game_c\game_c\x64\debug\.netframework,version=v4.7.2.assemblyattributes.asm
c:\users\lijao\source\repos\game_c\game_c\x64\debug\myform.obj
c:\users\lijao\source\repos\game_c\x64\debug\opentk.dll
c:\users\lijao\source\repos\game_c\x64\debug\opentk.glcontrol.dll
c:\users\lijao\source\repos\game_c\x64\debug\opentk.pdb
c:\users\lijao\source\repos\game_c\x64\debug\opentk.xml
c:\users\lijao\source\repos\game_c\x64\debug\opentk.dll.config
c:\users\lijao\source\repos\game_c\x64\debug\opentk.glcontrol.xml
c:\users\lijao\source\repos\game_c\game_c\x64\debug\gamec.myform.resources
c:\users\lijao\source\repos\game_c\x64\debug\game_c.exe
c:\users\lijao\source\repos\game_c\x64\debug\game_c.pdb
c:\users\lijao\source\repos\game_c\game_c\x64\debug\game_c.tlog\metagen.write.1.tlog
c:\users\lijao\source\repos\game_c\game_c\x64\debug\game_c.vcxproj.generateresource.cache
c:\users\lijao\source\repos\game_c\game_c\x64\debug\game_c.tlog\cl.command.1.tlog
c:\users\lijao\source\repos\game_c\game_c\x64\debug\game_c.tlog\cl.read.1.tlog
c:\users\lijao\source\repos\game_c\game_c\x64\debug\game_c.tlog\cl.write.1.tlog
c:\users\lijao\source\repos\game_c\game_c\x64\debug\game_c.tlog\game_c.write.1u.tlog
c:\users\lijao\source\repos\game_c\game_c\x64\debug\game_c.tlog\link.29744.delete.1.tlog
c:\users\lijao\source\repos\game_c\game_c\x64\debug\game_c.tlog\link.command.1.tlog
c:\users\lijao\source\repos\game_c\game_c\x64\debug\game_c.tlog\link.read.1.tlog
c:\users\lijao\source\repos\game_c\game_c\x64\debug\game_c.tlog\link.write.1.tlog
c:\users\lijao\source\repos\game_c\game_c\x64\debug\game_c.tlog\metagen.read.1.tlog
c:\users\lijao\source\repos\game_c\game_c\x64\debug\game_c.tlog\opentk.dll.metagen
c:\users\lijao\source\repos\game_c\game_c\x64\debug\game_c.tlog\opentk.glcontrol.dll.metagen
